[debug] [2025-08-24T07:47:12.493Z] ----------------------------------------------------------------------
[debug] [2025-08-24T07:47:12.494Z] Command:       /home/abatef/.nvm/versions/node/v24.6.0/bin/node /home/abatef/.nvm/versions/node/v24.6.0/bin/firebase init
[debug] [2025-08-24T07:47:12.494Z] CLI Version:   14.14.0
[debug] [2025-08-24T07:47:12.495Z] Platform:      linux
[debug] [2025-08-24T07:47:12.495Z] Node Version:  v24.6.0
[debug] [2025-08-24T07:47:12.495Z] Time:          Sun Aug 24 2025 10:47:12 GMT+0300 (Eastern European Summer Time)
[debug] [2025-08-24T07:47:12.495Z] ----------------------------------------------------------------------
[debug] 
[debug] [2025-08-24T07:47:12.497Z] > command requires scopes: ["email","openid","https://www.googleapis.com/auth/cloudplatformprojects.readonly","https://www.googleapis.com/auth/firebase","https://www.googleapis.com/auth/cloud-platform"]
[debug] [2025-08-24T07:47:12.498Z] > authorizing via signed-in user (abdoatef.ab@gmail.com)
[info] 
     ######## #### ########  ######## ########     ###     ######  ########
     ##        ##  ##     ## ##       ##     ##  ##   ##  ##       ##
     ######    ##  ########  ######   ########  #########  ######  ######
     ##        ##  ##    ##  ##       ##     ## ##     ##       ## ##
     ##       #### ##     ## ######## ########  ##     ##  ######  ########

You're about to initialize a Firebase project in this directory:

  /home/abatef/leetcode-tracker

[info] 
=== Project Setup
[info] 
[info] First, let's associate this project directory with a Firebase project.
[info] You can create multiple project aliases by running firebase use --add, 
[info] but for now we'll just set up a default project.
[info] 
[debug] [2025-08-24T07:48:07.974Z] ExitPromptError: User force closed the prompt with SIGINT
    at Interface.sigint (/home/abatef/.nvm/versions/node/v24.6.0/lib/node_modules/firebase-tools/node_modules/@inquirer/core/dist/commonjs/lib/create-prompt.js:101:37)
    at Interface.emit (node:events:508:28)
    at Interface.emit (node:domain:489:12)
    at [_ttyWrite] [as _ttyWrite] (node:internal/readline/interface:1315:18)
    at ReadStream.onkeypress (node:internal/readline/interface:284:20)
    at ReadStream.emit (node:events:520:35)
    at ReadStream.emit (node:domain:489:12)
    at emitKeys (node:internal/readline/utils:371:14)
    at emitKeys.next (<anonymous>)
    at ReadStream.onData (node:internal/readline/emitKeypressEvents:64:36)
[error] 
[error] Error: An unexpected error has occurred.
